PrismaClientValidationError: 
Invalid `__TURBOPACK__imported__module__$5b$project$5d2f$packages$2f$database$2f$src$2f$index$2e$ts__$5b$app$2d$rsc$5d$__$28$ecmascript$29$__$3c$locals$3e$__["prisma"].mallAd.create()` invocation in
C:\Users\jeric\Documents\srmallcapstone-3.0-main\apps\web\.next\dev\server\chunks\ssr\[root-of-the-server]__0y4i0rq._.js:237:192

  234     adminId: data.adminId
  235 });
  236 // Using any cast to bypass stale generated client types while dev server holds files
→ 237 const ad = await __TURBOPACK__imported__module__$5b$project$5d2f$packages$2f$database$2f$src$2f$index$2e$ts__$5b$app$2d$rsc$5d$__$28$ecmascript$29$__$3c$locals$3e$__["prisma"].mallAd.create({
        data: {
          title: "Holiday",
          description: "",
          imageUrl: "https://res.cloudinary.com/dpg3ooznl/video/upload/v1775795031/ads/auxccs59tdyjeg06pcaq.mp4",
          linkUrl: "/public-view",
          priority: "HIGH",
          startDate: new Date("2026-04-10T00:00:00.000Z"),
          endDate: new Date("2026-04-25T00:00:00.000Z"),
          adminId: "999f2911-5a03-49af-a0f6-f0a05bd7d7a8",
          storageKey: "cloudinary:video:ads/auxccs59tdyjeg06pcaq",
          ~~~~~~~~~~
          isGlobal: true,
      ?   id?: String,
      ?   createdAt?: DateTime,
      ?   updatedAt?: DateTime
        }
      })

Unknown argument `storageKey`. Available options are marked with ?.
    at wn (C:\Users\jeric\Documents\srmallcapstone-3.0-main\node_modules\@prisma\client\runtime\library.js:29:1363)
    at $n.handleRequestError (C:\Users\jeric\Documents\srmallcapstone-3.0-main\node_modules\@prisma\client\runtime\library.js:121:6958)
    at $n.handleAndLogRequestError (C:\Users\jeric\Documents\srmallcapstone-3.0-main\node_modules\@prisma\client\runtime\library.js:121:6623)
    at $n.request (C:\Users\jeric\Documents\srmallcapstone-3.0-main\node_modules\@prisma\client\runtime\library.js:121:6307)
    at async l (C:\Users\jeric\Documents\srmallcapstone-3.0-main\node_modules\@prisma\client\runtime\library.js:130:9633)
    at async createMallAd (C:\Users\jeric\Documents\srmallcapstone-3.0-main\apps\web\.next\dev\server\chunks\ssr\[root-of-the-server]__0y4i0rq._.js:237:20)
    at async executeActionAndPrepareForRender (C:\Users\jeric\Documents\srmallcapstone-3.0-main\apps\web\node_modules\next\dist\compiled\next-server\app-page-turbo.runtime.dev.js:64:5248)
    at async C:\Users\jeric\Documents\srmallcapstone-3.0-main\apps\web\node_modules\next\dist\compiled\next-server\app-page-turbo.runtime.dev.js:64:1986
    at async handleAction (C:\Users\jeric\Documents\srmallcapstone-3.0-main\apps\web\node_modules\next\dist\compiled\next-server\app-page-turbo.runtime.dev.js:62:25378)
    at async renderToHTMLOrFlightImpl (C:\Users\jeric\Documents\srmallcapstone-3.0-main\apps\web\node_modules\next\dist\compiled\next-server\app-page-turbo.runtime.dev.js:69:55630)
    at async doRender (C:\Users\jeric\Documents\srmallcapstone-3.0-main\apps\web\.next\dev\server\chunks\ssr\0fuv_next_dist_0..vsca._.js:2779:28)
    at async AppPageRouteModule.handleResponse (C:\Users\jeric\Documents\srmallcapstone-3.0-main\apps\web\node_modules\next\dist\compiled\next-server\app-page-turbo.runtime.dev.js:71:63567)
    at async handleResponse (C:\Users\jeric\Documents\srmallcapstone-3.0-main\apps\web\.next\dev\server\chunks\ssr\0fuv_next_dist_0..vsca._.js:3054:32)
    at async Module.handler (C:\Users\jeric\Documents\srmallcapstone-3.0-main\apps\web\.next\dev\server\chunks\ssr\0fuv_next_dist_0..vsca._.js:3457:20)
    at async DevServer.renderToResponseWithComponentsImpl (C:\Users\jeric\Documents\srmallcapstone-3.0-main\apps\web\node_modules\next\dist\server\base-server.js:1454:9)
    at async DevServer.renderPageComponent (C:\Users\jeric\Documents\srmallcapstone-3.0-main\apps\web\node_modules\next\dist\server\base-server.js:1506:24)
    at async DevServer.renderToResponseImpl (C:\Users\jeric\Documents\srmallcapstone-3.0-main\apps\web\node_modules\next\dist\server\base-server.js:1556:32)
    at async DevServer.pipeImpl (C:\Users\jeric\Documents\srmallcapstone-3.0-main\apps\web\node_modules\next\dist\server\base-server.js:1043:25)
    at async NextNodeServer.handleCatchallRenderRequest (C:\Users\jeric\Documents\srmallcapstone-3.0-main\apps\web\node_modules\next\dist\server\next-server.js:338:17)
    at async DevServer.handleRequestImpl (C:\Users\jeric\Documents\srmallcapstone-3.0-main\apps\web\node_modules\next\dist\server\base-server.js:934:17)
    at async C:\Users\jeric\Documents\srmallcapstone-3.0-main\apps\web\node_modules\next\dist\server\dev\next-dev-server.js:394:20
    at async Span.traceAsyncFn (C:\Users\jeric\Documents\srmallcapstone-3.0-main\apps\web\node_modules\next\dist\trace\trace.js:164:20)
    at async DevServer.handleRequest (C:\Users\jeric\Documents\srmallcapstone-3.0-main\apps\web\node_modules\next\dist\server\dev\next-dev-server.js:390:24)
    at async invokeRender (C:\Users\jeric\Documents\srmallcapstone-3.0-main\apps\web\node_modules\next\dist\server\lib\router-server.js:253:21)
    at async handleRequest (C:\Users\jeric\Documents\srmallcapstone-3.0-main\apps\web\node_modules\next\dist\server\lib\router-server.js:452:24)
    at async requestHandlerImpl (C:\Users\jeric\Documents\srmallcapstone-3.0-main\apps\web\node_modules\next\dist\server\lib\router-server.js:501:13)
    at async Server.requestListener (C:\Users\jeric\Documents\srmallcapstone-3.0-main\apps\web\node_modules\next\dist\server\lib\start-server.js:225:13)